#! /usr/bin/vvp
:ivl_version "12.0 (stable)";
:ivl_delay_selection "TYPICAL";
:vpi_time_precision - 12;
:vpi_module "/usr/lib/x86_64-linux-gnu/ivl/system.vpi";
:vpi_module "/usr/lib/x86_64-linux-gnu/ivl/vhdl_sys.vpi";
:vpi_module "/usr/lib/x86_64-linux-gnu/ivl/vhdl_textio.vpi";
:vpi_module "/usr/lib/x86_64-linux-gnu/ivl/v2005_math.vpi";
:vpi_module "/usr/lib/x86_64-linux-gnu/ivl/va_math.vpi";
S_0x559bb9df03e0 .scope module, "tb_cla_4b" "tb_cla_4b" 2 3;
 .timescale -9 -12;
v0x559bb9e292c0_0 .var "a", 3 0;
v0x559bb9e293a0_0 .var "b", 3 0;
v0x559bb9e29470_0 .var "cin", 0 0;
v0x559bb9e29570_0 .net "cout", 0 0, L_0x559bb9e2f400;  1 drivers
v0x559bb9e29640_0 .var/i "error_count", 31 0;
v0x559bb9e296e0_0 .var "expected_res", 4 0;
v0x559bb9e29780_0 .var/i "i", 31 0;
v0x559bb9e29860_0 .var/i "j", 31 0;
v0x559bb9e29940_0 .var/i "k", 31 0;
v0x559bb9e29a20_0 .net "sum", 3 0, L_0x559bb9e2be40;  1 drivers
S_0x559bb9df0570 .scope module, "dut" "cla_4b" 2 19, 3 1 0, S_0x559bb9df03e0;
 .timescale 0 0;
    .port_info 0 /INPUT 4 "a";
    .port_info 1 /INPUT 4 "b";
    .port_info 2 /INPUT 1 "cin";
    .port_info 3 /OUTPUT 4 "sum";
    .port_info 4 /OUTPUT 1 "cout";
L_0x559bb9e2c350 .functor BUFZ 1, v0x559bb9e29470_0, C4<0>, C4<0>, C4<0>;
L_0x559bb9e2c690 .functor AND 1, L_0x559bb9e2c5f0, v0x559bb9e29470_0, C4<1>, C4<1>;
L_0x559bb9e2c750 .functor OR 1, L_0x559bb9e2c410, L_0x559bb9e2c690, C4<0>, C4<0>;
L_0x559bb9e2ce00 .functor AND 1, L_0x559bb9e2cc50, v0x559bb9e29470_0, C4<1>, C4<1>;
L_0x559bb9e2cea0 .functor OR 1, L_0x559bb9e2caa0, L_0x559bb9e2ce00, C4<0>, C4<0>;
L_0x559bb9e2cf60 .functor AND 1, L_0x559bb9e2ca00, L_0x559bb9e2cea0, C4<1>, C4<1>;
L_0x559bb9e2d0b0 .functor OR 1, L_0x559bb9e2c860, L_0x559bb9e2cf60, C4<0>, C4<0>;
L_0x559bb9e2d940 .functor AND 1, L_0x559bb9e2d870, v0x559bb9e29470_0, C4<1>, C4<1>;
L_0x559bb9e2da80 .functor OR 1, L_0x559bb9e2d690, L_0x559bb9e2d940, C4<0>, C4<0>;
L_0x559bb9e2db90 .functor AND 1, L_0x559bb9e2d5f0, L_0x559bb9e2da80, C4<1>, C4<1>;
L_0x559bb9e2dd00 .functor OR 1, L_0x559bb9e2d420, L_0x559bb9e2db90, C4<0>, C4<0>;
L_0x559bb9e2ddc0 .functor AND 1, L_0x559bb9e2d380, L_0x559bb9e2dd00, C4<1>, C4<1>;
L_0x559bb9e2df40 .functor OR 1, L_0x559bb9e2d1c0, L_0x559bb9e2ddc0, C4<0>, C4<0>;
L_0x559bb9e2ee60 .functor AND 1, L_0x559bb9e2ec30, v0x559bb9e29470_0, C4<1>, C4<1>;
L_0x559bb9e2ded0 .functor OR 1, L_0x559bb9e2eb90, L_0x559bb9e2ee60, C4<0>, C4<0>;
L_0x559bb9e2f040 .functor AND 1, L_0x559bb9e2e970, L_0x559bb9e2ded0, C4<1>, C4<1>;
L_0x559bb9e2f1e0 .functor OR 1, L_0x559bb9e2e8d0, L_0x559bb9e2f040, C4<0>, C4<0>;
L_0x559bb9e2f2f0 .functor AND 1, L_0x559bb9e2e6c0, L_0x559bb9e2f1e0, C4<1>, C4<1>;
L_0x559bb9e2f4a0 .functor OR 1, L_0x559bb9e2e620, L_0x559bb9e2f2f0, C4<0>, C4<0>;
L_0x559bb9e2f5b0 .functor AND 1, L_0x559bb9e2e420, L_0x559bb9e2f4a0, C4<1>, C4<1>;
L_0x559bb9e2f770 .functor OR 1, L_0x559bb9e2e380, L_0x559bb9e2f5b0, C4<0>, C4<0>;
v0x559bb9e264f0_0 .net *"_ivl_101", 0 0, L_0x559bb9e2db90;  1 drivers
v0x559bb9e265f0_0 .net *"_ivl_103", 0 0, L_0x559bb9e2dd00;  1 drivers
v0x559bb9e266d0_0 .net *"_ivl_105", 0 0, L_0x559bb9e2ddc0;  1 drivers
v0x559bb9e267c0_0 .net *"_ivl_107", 0 0, L_0x559bb9e2df40;  1 drivers
v0x559bb9e268a0_0 .net *"_ivl_113", 0 0, L_0x559bb9e2e380;  1 drivers
v0x559bb9e269d0_0 .net *"_ivl_115", 0 0, L_0x559bb9e2e420;  1 drivers
v0x559bb9e26ab0_0 .net *"_ivl_117", 0 0, L_0x559bb9e2e620;  1 drivers
v0x559bb9e26b90_0 .net *"_ivl_119", 0 0, L_0x559bb9e2e6c0;  1 drivers
v0x559bb9e26c70_0 .net *"_ivl_121", 0 0, L_0x559bb9e2e8d0;  1 drivers
v0x559bb9e26d50_0 .net *"_ivl_123", 0 0, L_0x559bb9e2e970;  1 drivers
v0x559bb9e26e30_0 .net *"_ivl_125", 0 0, L_0x559bb9e2eb90;  1 drivers
v0x559bb9e26f10_0 .net *"_ivl_127", 0 0, L_0x559bb9e2ec30;  1 drivers
v0x559bb9e26ff0_0 .net *"_ivl_128", 0 0, L_0x559bb9e2ee60;  1 drivers
v0x559bb9e270d0_0 .net *"_ivl_130", 0 0, L_0x559bb9e2ded0;  1 drivers
v0x559bb9e271b0_0 .net *"_ivl_132", 0 0, L_0x559bb9e2f040;  1 drivers
v0x559bb9e27290_0 .net *"_ivl_134", 0 0, L_0x559bb9e2f1e0;  1 drivers
v0x559bb9e27370_0 .net *"_ivl_136", 0 0, L_0x559bb9e2f2f0;  1 drivers
v0x559bb9e27450_0 .net *"_ivl_138", 0 0, L_0x559bb9e2f4a0;  1 drivers
v0x559bb9e27530_0 .net *"_ivl_140", 0 0, L_0x559bb9e2f5b0;  1 drivers
v0x559bb9e27610_0 .net *"_ivl_142", 0 0, L_0x559bb9e2f770;  1 drivers
v0x559bb9e276f0_0 .net *"_ivl_54", 0 0, L_0x559bb9e2c350;  1 drivers
v0x559bb9e277d0_0 .net *"_ivl_58", 0 0, L_0x559bb9e2c410;  1 drivers
v0x559bb9e278b0_0 .net *"_ivl_60", 0 0, L_0x559bb9e2c5f0;  1 drivers
v0x559bb9e27990_0 .net *"_ivl_61", 0 0, L_0x559bb9e2c690;  1 drivers
v0x559bb9e27a70_0 .net *"_ivl_63", 0 0, L_0x559bb9e2c750;  1 drivers
v0x559bb9e27b50_0 .net *"_ivl_68", 0 0, L_0x559bb9e2c860;  1 drivers
v0x559bb9e27c30_0 .net *"_ivl_70", 0 0, L_0x559bb9e2ca00;  1 drivers
v0x559bb9e27d10_0 .net *"_ivl_72", 0 0, L_0x559bb9e2caa0;  1 drivers
v0x559bb9e27df0_0 .net *"_ivl_74", 0 0, L_0x559bb9e2cc50;  1 drivers
v0x559bb9e27ed0_0 .net *"_ivl_75", 0 0, L_0x559bb9e2ce00;  1 drivers
v0x559bb9e27fb0_0 .net *"_ivl_77", 0 0, L_0x559bb9e2cea0;  1 drivers
v0x559bb9e28090_0 .net *"_ivl_79", 0 0, L_0x559bb9e2cf60;  1 drivers
v0x559bb9e28170_0 .net *"_ivl_81", 0 0, L_0x559bb9e2d0b0;  1 drivers
v0x559bb9e28460_0 .net *"_ivl_86", 0 0, L_0x559bb9e2d1c0;  1 drivers
v0x559bb9e28540_0 .net *"_ivl_88", 0 0, L_0x559bb9e2d380;  1 drivers
v0x559bb9e28620_0 .net *"_ivl_90", 0 0, L_0x559bb9e2d420;  1 drivers
v0x559bb9e28700_0 .net *"_ivl_92", 0 0, L_0x559bb9e2d5f0;  1 drivers
v0x559bb9e287e0_0 .net *"_ivl_94", 0 0, L_0x559bb9e2d690;  1 drivers
v0x559bb9e288c0_0 .net *"_ivl_96", 0 0, L_0x559bb9e2d870;  1 drivers
v0x559bb9e289a0_0 .net *"_ivl_97", 0 0, L_0x559bb9e2d940;  1 drivers
v0x559bb9e28a80_0 .net *"_ivl_99", 0 0, L_0x559bb9e2da80;  1 drivers
v0x559bb9e28b60_0 .net "a", 3 0, v0x559bb9e292c0_0;  1 drivers
v0x559bb9e28c40_0 .net "b", 3 0, v0x559bb9e293a0_0;  1 drivers
v0x559bb9e28d20_0 .net "c", 4 0, L_0x559bb9e2e050;  1 drivers
v0x559bb9e28e00_0 .net "cin", 0 0, v0x559bb9e29470_0;  1 drivers
v0x559bb9e28ec0_0 .net "cout", 0 0, L_0x559bb9e2f400;  alias, 1 drivers
v0x559bb9e28f80_0 .net "g", 3 0, L_0x559bb9e2abc0;  1 drivers
v0x559bb9e29060_0 .net "p", 3 0, L_0x559bb9e2b000;  1 drivers
v0x559bb9e29140_0 .net "sum", 3 0, L_0x559bb9e2be40;  alias, 1 drivers
L_0x559bb9e29ae0 .part v0x559bb9e292c0_0, 0, 1;
L_0x559bb9e29bb0 .part v0x559bb9e293a0_0, 0, 1;
L_0x559bb9e29db0 .part v0x559bb9e292c0_0, 0, 1;
L_0x559bb9e29e50 .part v0x559bb9e293a0_0, 0, 1;
L_0x559bb9e2a060 .part v0x559bb9e292c0_0, 1, 1;
L_0x559bb9e2a190 .part v0x559bb9e293a0_0, 1, 1;
L_0x559bb9e2a370 .part v0x559bb9e292c0_0, 1, 1;
L_0x559bb9e2a410 .part v0x559bb9e293a0_0, 1, 1;
L_0x559bb9e2a640 .part v0x559bb9e292c0_0, 2, 1;
L_0x559bb9e2a6e0 .part v0x559bb9e293a0_0, 2, 1;
L_0x559bb9e2a8d0 .part v0x559bb9e292c0_0, 2, 1;
L_0x559bb9e2a970 .part v0x559bb9e293a0_0, 2, 1;
L_0x559bb9e2abc0 .concat8 [ 1 1 1 1], L_0x559bb9e29ca0, L_0x559bb9e2a300, L_0x559bb9e2a7e0, L_0x559bb9e2aa10;
L_0x559bb9e2ad50 .part v0x559bb9e292c0_0, 3, 1;
L_0x559bb9e2ae70 .part v0x559bb9e293a0_0, 3, 1;
L_0x559bb9e2b000 .concat8 [ 1 1 1 1], L_0x559bb9e29f20, L_0x559bb9e2a500, L_0x559bb9e2aa80, L_0x559bb9e2b400;
L_0x559bb9e2b220 .part v0x559bb9e292c0_0, 3, 1;
L_0x559bb9e2b2c0 .part v0x559bb9e293a0_0, 3, 1;
L_0x559bb9e2b560 .part L_0x559bb9e2b000, 0, 1;
L_0x559bb9e2b650 .part L_0x559bb9e2e050, 0, 1;
L_0x559bb9e2b360 .part L_0x559bb9e2b000, 1, 1;
L_0x559bb9e2b8b0 .part L_0x559bb9e2e050, 1, 1;
L_0x559bb9e2bb70 .part L_0x559bb9e2b000, 2, 1;
L_0x559bb9e2bc10 .part L_0x559bb9e2e050, 2, 1;
L_0x559bb9e2be40 .concat8 [ 1 1 1 1], L_0x559bb9e2b7a0, L_0x559bb9e2ba60, L_0x559bb9e2bd80, L_0x559bb9e2c240;
L_0x559bb9e2c020 .part L_0x559bb9e2b000, 3, 1;
L_0x559bb9e2c1a0 .part L_0x559bb9e2e050, 3, 1;
L_0x559bb9e2c410 .part L_0x559bb9e2abc0, 0, 1;
L_0x559bb9e2c5f0 .part L_0x559bb9e2b000, 0, 1;
L_0x559bb9e2c860 .part L_0x559bb9e2abc0, 1, 1;
L_0x559bb9e2ca00 .part L_0x559bb9e2b000, 1, 1;
L_0x559bb9e2caa0 .part L_0x559bb9e2abc0, 0, 1;
L_0x559bb9e2cc50 .part L_0x559bb9e2b000, 0, 1;
L_0x559bb9e2d1c0 .part L_0x559bb9e2abc0, 2, 1;
L_0x559bb9e2d380 .part L_0x559bb9e2b000, 2, 1;
L_0x559bb9e2d420 .part L_0x559bb9e2abc0, 1, 1;
L_0x559bb9e2d5f0 .part L_0x559bb9e2b000, 1, 1;
L_0x559bb9e2d690 .part L_0x559bb9e2abc0, 0, 1;
L_0x559bb9e2d870 .part L_0x559bb9e2b000, 0, 1;
LS_0x559bb9e2e050_0_0 .concat8 [ 1 1 1 1], L_0x559bb9e2c350, L_0x559bb9e2c750, L_0x559bb9e2d0b0, L_0x559bb9e2df40;
LS_0x559bb9e2e050_0_4 .concat8 [ 1 0 0 0], L_0x559bb9e2f770;
L_0x559bb9e2e050 .concat8 [ 4 1 0 0], LS_0x559bb9e2e050_0_0, LS_0x559bb9e2e050_0_4;
L_0x559bb9e2e380 .part L_0x559bb9e2abc0, 3, 1;
L_0x559bb9e2e420 .part L_0x559bb9e2b000, 3, 1;
L_0x559bb9e2e620 .part L_0x559bb9e2abc0, 2, 1;
L_0x559bb9e2e6c0 .part L_0x559bb9e2b000, 2, 1;
L_0x559bb9e2e8d0 .part L_0x559bb9e2abc0, 1, 1;
L_0x559bb9e2e970 .part L_0x559bb9e2b000, 1, 1;
L_0x559bb9e2eb90 .part L_0x559bb9e2abc0, 0, 1;
L_0x559bb9e2ec30 .part L_0x559bb9e2b000, 0, 1;
L_0x559bb9e2f400 .part L_0x559bb9e2e050, 4, 1;
S_0x559bb9db1490 .scope generate, "create_g_and_p[0]" "create_g_and_p[0]" 3 13, 3 13 0, S_0x559bb9df0570;
 .timescale 0 0;
P_0x559bb9db1670 .param/l "j" 1 3 13, +C4<00>;
L_0x559bb9e29ca0 .functor AND 1, L_0x559bb9e29ae0, L_0x559bb9e29bb0, C4<1>, C4<1>;
L_0x559bb9e29f20 .functor XOR 1, L_0x559bb9e29db0, L_0x559bb9e29e50, C4<0>, C4<0>;
v0x559bb9df1970_0 .net *"_ivl_0", 0 0, L_0x559bb9e29ae0;  1 drivers
v0x559bb9df1c30_0 .net *"_ivl_1", 0 0, L_0x559bb9e29bb0;  1 drivers
v0x559bb9e23210_0 .net *"_ivl_2", 0 0, L_0x559bb9e29ca0;  1 drivers
v0x559bb9e232d0_0 .net *"_ivl_4", 0 0, L_0x559bb9e29db0;  1 drivers
v0x559bb9e233b0_0 .net *"_ivl_5", 0 0, L_0x559bb9e29e50;  1 drivers
v0x559bb9e234e0_0 .net *"_ivl_6", 0 0, L_0x559bb9e29f20;  1 drivers
S_0x559bb9e235c0 .scope generate, "create_g_and_p[1]" "create_g_and_p[1]" 3 13, 3 13 0, S_0x559bb9df0570;
 .timescale 0 0;
P_0x559bb9e237e0 .param/l "j" 1 3 13, +C4<01>;
L_0x559bb9e2a300 .functor AND 1, L_0x559bb9e2a060, L_0x559bb9e2a190, C4<1>, C4<1>;
L_0x559bb9e2a500 .functor XOR 1, L_0x559bb9e2a370, L_0x559bb9e2a410, C4<0>, C4<0>;
v0x559bb9e238a0_0 .net *"_ivl_0", 0 0, L_0x559bb9e2a060;  1 drivers
v0x559bb9e23980_0 .net *"_ivl_1", 0 0, L_0x559bb9e2a190;  1 drivers
v0x559bb9e23a60_0 .net *"_ivl_2", 0 0, L_0x559bb9e2a300;  1 drivers
v0x559bb9e23b20_0 .net *"_ivl_4", 0 0, L_0x559bb9e2a370;  1 drivers
v0x559bb9e23c00_0 .net *"_ivl_5", 0 0, L_0x559bb9e2a410;  1 drivers
v0x559bb9e23d30_0 .net *"_ivl_6", 0 0, L_0x559bb9e2a500;  1 drivers
S_0x559bb9e23e10 .scope generate, "create_g_and_p[2]" "create_g_and_p[2]" 3 13, 3 13 0, S_0x559bb9df0570;
 .timescale 0 0;
P_0x559bb9e24010 .param/l "j" 1 3 13, +C4<010>;
L_0x559bb9e2a7e0 .functor AND 1, L_0x559bb9e2a640, L_0x559bb9e2a6e0, C4<1>, C4<1>;
L_0x559bb9e2aa80 .functor XOR 1, L_0x559bb9e2a8d0, L_0x559bb9e2a970, C4<0>, C4<0>;
v0x559bb9e240d0_0 .net *"_ivl_0", 0 0, L_0x559bb9e2a640;  1 drivers
v0x559bb9e241b0_0 .net *"_ivl_1", 0 0, L_0x559bb9e2a6e0;  1 drivers
v0x559bb9e24290_0 .net *"_ivl_2", 0 0, L_0x559bb9e2a7e0;  1 drivers
v0x559bb9e24380_0 .net *"_ivl_4", 0 0, L_0x559bb9e2a8d0;  1 drivers
v0x559bb9e24460_0 .net *"_ivl_5", 0 0, L_0x559bb9e2a970;  1 drivers
v0x559bb9e24590_0 .net *"_ivl_6", 0 0, L_0x559bb9e2aa80;  1 drivers
S_0x559bb9e24670 .scope generate, "create_g_and_p[3]" "create_g_and_p[3]" 3 13, 3 13 0, S_0x559bb9df0570;
 .timescale 0 0;
P_0x559bb9e24870 .param/l "j" 1 3 13, +C4<011>;
L_0x559bb9e2aa10 .functor AND 1, L_0x559bb9e2ad50, L_0x559bb9e2ae70, C4<1>, C4<1>;
L_0x559bb9e2b400 .functor XOR 1, L_0x559bb9e2b220, L_0x559bb9e2b2c0, C4<0>, C4<0>;
v0x559bb9e24950_0 .net *"_ivl_0", 0 0, L_0x559bb9e2ad50;  1 drivers
v0x559bb9e24a30_0 .net *"_ivl_1", 0 0, L_0x559bb9e2ae70;  1 drivers
v0x559bb9e24b10_0 .net *"_ivl_2", 0 0, L_0x559bb9e2aa10;  1 drivers
v0x559bb9e24bd0_0 .net *"_ivl_4", 0 0, L_0x559bb9e2b220;  1 drivers
v0x559bb9e24cb0_0 .net *"_ivl_5", 0 0, L_0x559bb9e2b2c0;  1 drivers
v0x559bb9e24de0_0 .net *"_ivl_6", 0 0, L_0x559bb9e2b400;  1 drivers
S_0x559bb9e24ec0 .scope generate, "create_sum[0]" "create_sum[0]" 3 39, 3 39 0, S_0x559bb9df0570;
 .timescale 0 0;
P_0x559bb9e25110 .param/l "l" 1 3 39, +C4<00>;
L_0x559bb9e2b7a0 .functor XOR 1, L_0x559bb9e2b560, L_0x559bb9e2b650, C4<0>, C4<0>;
v0x559bb9e251f0_0 .net *"_ivl_0", 0 0, L_0x559bb9e2b560;  1 drivers
v0x559bb9e252d0_0 .net *"_ivl_1", 0 0, L_0x559bb9e2b650;  1 drivers
v0x559bb9e253b0_0 .net *"_ivl_2", 0 0, L_0x559bb9e2b7a0;  1 drivers
S_0x559bb9e25470 .scope generate, "create_sum[1]" "create_sum[1]" 3 39, 3 39 0, S_0x559bb9df0570;
 .timescale 0 0;
P_0x559bb9e25670 .param/l "l" 1 3 39, +C4<01>;
L_0x559bb9e2ba60 .functor XOR 1, L_0x559bb9e2b360, L_0x559bb9e2b8b0, C4<0>, C4<0>;
v0x559bb9e25750_0 .net *"_ivl_0", 0 0, L_0x559bb9e2b360;  1 drivers
v0x559bb9e25830_0 .net *"_ivl_1", 0 0, L_0x559bb9e2b8b0;  1 drivers
v0x559bb9e25910_0 .net *"_ivl_2", 0 0, L_0x559bb9e2ba60;  1 drivers
S_0x559bb9e259d0 .scope generate, "create_sum[2]" "create_sum[2]" 3 39, 3 39 0, S_0x559bb9df0570;
 .timescale 0 0;
P_0x559bb9e25bd0 .param/l "l" 1 3 39, +C4<010>;
L_0x559bb9e2bd80 .functor XOR 1, L_0x559bb9e2bb70, L_0x559bb9e2bc10, C4<0>, C4<0>;
v0x559bb9e25cb0_0 .net *"_ivl_0", 0 0, L_0x559bb9e2bb70;  1 drivers
v0x559bb9e25d90_0 .net *"_ivl_1", 0 0, L_0x559bb9e2bc10;  1 drivers
v0x559bb9e25e70_0 .net *"_ivl_2", 0 0, L_0x559bb9e2bd80;  1 drivers
S_0x559bb9e25f60 .scope generate, "create_sum[3]" "create_sum[3]" 3 39, 3 39 0, S_0x559bb9df0570;
 .timescale 0 0;
P_0x559bb9e26160 .param/l "l" 1 3 39, +C4<011>;
L_0x559bb9e2c240 .functor XOR 1, L_0x559bb9e2c020, L_0x559bb9e2c1a0, C4<0>, C4<0>;
v0x559bb9e26240_0 .net *"_ivl_0", 0 0, L_0x559bb9e2c020;  1 drivers
v0x559bb9e26320_0 .net *"_ivl_1", 0 0, L_0x559bb9e2c1a0;  1 drivers
v0x559bb9e26400_0 .net *"_ivl_2", 0 0, L_0x559bb9e2c240;  1 drivers
    .scope S_0x559bb9df03e0;
T_0 ;
    %pushi/vec4 0, 0, 32;
    %store/vec4 v0x559bb9e29640_0, 0, 32;
    %end;
    .thread T_0;
    .scope S_0x559bb9df03e0;
T_1 ;
    %vpi_call 2 29 "$display", "--- Bat dau Simulation cho khoi CLA 4-bit ---" {0 0 0};
    %pushi/vec4 0, 0, 32;
    %store/vec4 v0x559bb9e29640_0, 0, 32;
    %pushi/vec4 0, 0, 32;
    %store/vec4 v0x559bb9e29940_0, 0, 32;
T_1.0 ;
    %load/vec4 v0x559bb9e29940_0;
    %cmpi/s 2, 0, 32;
    %jmp/0xz T_1.1, 5;
    %pushi/vec4 0, 0, 32;
    %store/vec4 v0x559bb9e29780_0, 0, 32;
T_1.2 ;
    %load/vec4 v0x559bb9e29780_0;
    %cmpi/s 16, 0, 32;
    %jmp/0xz T_1.3, 5;
    %pushi/vec4 0, 0, 32;
    %store/vec4 v0x559bb9e29860_0, 0, 32;
T_1.4 ;
    %load/vec4 v0x559bb9e29860_0;
    %cmpi/s 16, 0, 32;
    %jmp/0xz T_1.5, 5;
    %load/vec4 v0x559bb9e29780_0;
    %pad/s 4;
    %store/vec4 v0x559bb9e292c0_0, 0, 4;
    %load/vec4 v0x559bb9e29860_0;
    %pad/s 4;
    %store/vec4 v0x559bb9e293a0_0, 0, 4;
    %load/vec4 v0x559bb9e29940_0;
    %pad/s 1;
    %store/vec4 v0x559bb9e29470_0, 0, 1;
    %delay 10000, 0;
    %load/vec4 v0x559bb9e292c0_0;
    %pad/u 5;
    %load/vec4 v0x559bb9e293a0_0;
    %pad/u 5;
    %add;
    %load/vec4 v0x559bb9e29470_0;
    %pad/u 5;
    %add;
    %store/vec4 v0x559bb9e296e0_0, 0, 5;
    %load/vec4 v0x559bb9e29570_0;
    %load/vec4 v0x559bb9e29a20_0;
    %concat/vec4; draw_concat_vec4
    %load/vec4 v0x559bb9e296e0_0;
    %cmp/ne;
    %jmp/0xz  T_1.6, 6;
    %load/vec4 v0x559bb9e29570_0;
    %load/vec4 v0x559bb9e29a20_0;
    %concat/vec4; draw_concat_vec4
    %vpi_call 2 49 "$display", "LOI tai: A=%d, B=%d, Cin=%b | Thuc te: {Cout,Sum}=%b, Ky vong: %b", v0x559bb9e292c0_0, v0x559bb9e293a0_0, v0x559bb9e29470_0, S<0,vec4,u5>, v0x559bb9e296e0_0 {1 0 0};
    %load/vec4 v0x559bb9e29640_0;
    %addi 1, 0, 32;
    %store/vec4 v0x559bb9e29640_0, 0, 32;
T_1.6 ;
    %load/vec4 v0x559bb9e29860_0;
    %addi 1, 0, 32;
    %store/vec4 v0x559bb9e29860_0, 0, 32;
    %jmp T_1.4;
T_1.5 ;
    %load/vec4 v0x559bb9e29780_0;
    %addi 1, 0, 32;
    %store/vec4 v0x559bb9e29780_0, 0, 32;
    %jmp T_1.2;
T_1.3 ;
    %load/vec4 v0x559bb9e29940_0;
    %addi 1, 0, 32;
    %store/vec4 v0x559bb9e29940_0, 0, 32;
    %jmp T_1.0;
T_1.1 ;
    %load/vec4 v0x559bb9e29640_0;
    %cmpi/e 0, 0, 32;
    %jmp/0xz  T_1.8, 4;
    %vpi_call 2 59 "$display", ">>> KET QUA: PASS! Tat ca cac truong hop deu dung." {0 0 0};
    %jmp T_1.9;
T_1.8 ;
    %vpi_call 2 61 "$display", ">>> KET QUA: FAIL! Co %d loi duoc tim thay.", v0x559bb9e29640_0 {0 0 0};
T_1.9 ;
    %vpi_call 2 64 "$finish" {0 0 0};
    %end;
    .thread T_1;
    .scope S_0x559bb9df03e0;
T_2 ;
    %vpi_call 2 69 "$dumpfile", "cla_4b.vcd" {0 0 0};
    %vpi_call 2 70 "$dumpvars", 32'sb00000000000000000000000000000000, S_0x559bb9df03e0 {0 0 0};
    %end;
    .thread T_2;
# The file index is used to find the file name in the following table.
:file_names 4;
    "N/A";
    "<interactive>";
    "tb/tb_cla_4b.v";
    "rtl/cla_4b.v";
